<?xml version="1.0" encoding="UTF-8"?>
<testsuite xmlns:xsi="http://www.w3.org/2001/XMLSchema-instance" xsi:noNamespaceSchemaLocation="https://maven.apache.org/surefire/maven-surefire-plugin/xsd/surefire-test-report.xsd" name="com.cjj.qlemusic.portal.RedisTest" time="26.276" tests="2" errors="0" skipped="0" failures="0">
  <properties>
[...]
</properties>
  <testcase name="t1" classname="com.cjj.qlemusic.portal.RedisTest" time="0.34"/>
  <testcase name="t2" classname="com.cjj.qlemusic.portal.RedisTest" time="0.025"/>
</testsuite>